Determining if the pthread_create exist failed with the following output:
Change Dir: /home/ubuntu/catkin_ws/build/CMakeFiles/CMakeTmp

Run Build Command:"/usr/bin/make" "cmTC_87772/fast"
/usr/bin/make -f CMakeFiles/cmTC_87772.dir/build.make CMakeFiles/cmTC_87772.dir/build
make[1]: Entering directory '/home/ubuntu/catkin_ws/build/CMakeFiles/CMakeTmp'
Building C object CMakeFiles/cmTC_87772.dir/CheckSymbolExists.c.o
/usr/bin/cc     -o CMakeFiles/cmTC_87772.dir/CheckSymbolExists.c.o   -c /home/ubuntu/catkin_ws/build/CMakeFiles/CMakeTmp/CheckSymbolExists.c
Linking C executable cmTC_87772
/usr/bin/cmake -E cmake_link_script CMakeFiles/cmTC_87772.dir/link.txt --verbose=1
/usr/bin/cc       CMakeFiles/cmTC_87772.dir/CheckSymbolExists.c.o  -o cmTC_87772 -rdynamic 
CMakeFiles/cmTC_87772.dir/CheckSymbolExists.c.o: In function `main':
CheckSymbolExists.c:(.text+0x14): undefined reference to `pthread_create'
CheckSymbolExists.c:(.text+0x18): undefined reference to `pthread_create'
collect2: error: ld returned 1 exit status
CMakeFiles/cmTC_87772.dir/build.make:97: recipe for target 'cmTC_87772' failed
make[1]: *** [cmTC_87772] Error 1
make[1]: Leaving directory '/home/ubuntu/catkin_ws/build/CMakeFiles/CMakeTmp'
Makefile:126: recipe for target 'cmTC_87772/fast' failed
make: *** [cmTC_87772/fast] Error 2

File /home/ubuntu/catkin_ws/build/CMakeFiles/CMakeTmp/CheckSymbolExists.c:
/* */
#include <pthread.h>

int main(int argc, char** argv)
{
  (void)argv;
#ifndef pthread_create
  return ((int*)(&pthread_create))[argc];
#else
  (void)argc;
  return 0;
#endif
}

Determining if the function pthread_create exists in the pthreads failed with the following output:
Change Dir: /home/ubuntu/catkin_ws/build/CMakeFiles/CMakeTmp

Run Build Command:"/usr/bin/make" "cmTC_c9dbb/fast"
/usr/bin/make -f CMakeFiles/cmTC_c9dbb.dir/build.make CMakeFiles/cmTC_c9dbb.dir/build
make[1]: Entering directory '/home/ubuntu/catkin_ws/build/CMakeFiles/CMakeTmp'
Building C object CMakeFiles/cmTC_c9dbb.dir/CheckFunctionExists.c.o
/usr/bin/cc    -DCHECK_FUNCTION_EXISTS=pthread_create   -o CMakeFiles/cmTC_c9dbb.dir/CheckFunctionExists.c.o   -c /usr/share/cmake-3.5/Modules/CheckFunctionExists.c
Linking C executable cmTC_c9dbb
/usr/bin/cmake -E cmake_link_script CMakeFiles/cmTC_c9dbb.dir/link.txt --verbose=1
/usr/bin/cc   -DCHECK_FUNCTION_EXISTS=pthread_create    CMakeFiles/cmTC_c9dbb.dir/CheckFunctionExists.c.o  -o cmTC_c9dbb -rdynamic -lpthreads 
/usr/bin/ld: cannot find -lpthreads
collect2: error: ld returned 1 exit status
CMakeFiles/cmTC_c9dbb.dir/build.make:97: recipe for target 'cmTC_c9dbb' failed
make[1]: *** [cmTC_c9dbb] Error 1
make[1]: Leaving directory '/home/ubuntu/catkin_ws/build/CMakeFiles/CMakeTmp'
Makefile:126: recipe for target 'cmTC_c9dbb/fast' failed
make: *** [cmTC_c9dbb/fast] Error 2


